"Signed transaction with txID: 3IHS42QNFXLBI35EMHEAYBBISIYNEJ765BG52TOEI7GSVKPXEW2Q\nCreated new app-id: 227":
    application-index: 227
    confirmed-round: 193117
    global-state-delta:
        - key: Q3JlYXRvcg==
          value:
              action: 1
              bytes: 7yau9AT/qIsWxdSjOaLUB0Z4CascrjW2x5dowcSVZXU=
        - key: SGVhbHRo
          value:
              action: 2
              uint: 5
        - key: TWF4RGFtYWdl
          value:
              action: 2
    pool-error: ""
    sender-rewards: 2009665828
    txn:
        sig:
            type: Buffer
            data:
                - 191
                - 255
                - 67
                - 240
                - 65
                - 209
                - 141
                - 184
                - 160
                - 150
                - 225
                - 35
                - 62
                - 122
                - 34
                - 5
                - 136
                - 185
                - 174
                - 149
                - 43
                - 41
                - 165
                - 115
                - 231
                - 38
                - 80
                - 94
                - 175
                - 203
                - 27
                - 32
                - 110
                - 239
                - 160
                - 254
                - 209
                - 198
                - 79
                - 195
                - 5
                - 205
                - 222
                - 233
                - 103
                - 56
                - 73
                - 18
                - 96
                - 133
                - 129
                - 197
                - 132
                - 160
                - 63
                - 252
                - 65
                - 20
                - 65
                - 84
                - 117
                - 114
                - 68
                - 9
        txn:
            apaa:
                - type: Buffer
                  data:
                      - 0
                      - 0
                      - 0
                      - 0
                      - 0
                      - 0
                      - 0
                      - 5
            apap:
                type: Buffer
                data:
                    - 6
                    - 32
                    - 4
                    - 1
                    - 0
                    - 2
                    - 5
                    - 38
                    - 5
                    - 6
                    - 72
                    - 101
                    - 97
                    - 108
                    - 116
                    - 104
                    - 6
                    - 68
                    - 97
                    - 109
                    - 97
                    - 103
                    - 101
                    - 9
                    - 77
                    - 97
                    - 120
                    - 68
                    - 97
                    - 109
                    - 97
                    - 103
                    - 101
                    - 7
                    - 67
                    - 114
                    - 101
                    - 97
                    - 116
                    - 111
                    - 114
                    - 3
                    - 77
                    - 118
                    - 112
                    - 49
                    - 24
                    - 35
                    - 18
                    - 64
                    - 0
                    - 201
                    - 49
                    - 25
                    - 34
                    - 18
                    - 64
                    - 0
                    - 181
                    - 49
                    - 25
                    - 36
                    - 18
                    - 64
                    - 0
                    - 172
                    - 49
                    - 25
                    - 129
                    - 4
                    - 18
                    - 64
                    - 0
                    - 158
                    - 49
                    - 25
                    - 37
                    - 18
                    - 64
                    - 0
                    - 145
                    - 49
                    - 25
                    - 35
                    - 18
                    - 64
                    - 0
                    - 1
                    - 0
                    - 50
                    - 4
                    - 34
                    - 18
                    - 68
                    - 54
                    - 26
                    - 0
                    - 128
                    - 6
                    - 65
                    - 116
                    - 116
                    - 97
                    - 99
                    - 107
                    - 18
                    - 64
                    - 0
                    - 53
                    - 54
                    - 26
                    - 0
                    - 128
                    - 6
                    - 82
                    - 101
                    - 119
                    - 97
                    - 114
                    - 100
                    - 18
                    - 64
                    - 0
                    - 1
                    - 0
                    - 49
                    - 0
                    - 50
                    - 9
                    - 18
                    - 68
                    - 40
                    - 100
                    - 35
                    - 14
                    - 68
                    - 54
                    - 28
                    - 1
                    - 39
                    - 4
                    - 100
                    - 18
                    - 68
                    - 177
                    - 34
                    - 178
                    - 16
                    - 54
                    - 28
                    - 1
                    - 178
                    - 7
                    - 129
                    - 192
                    - 132
                    - 61
                    - 178
                    - 8
                    - 179
                    - 34
                    - 67
                    - 40
                    - 100
                    - 35
                    - 13
                    - 68
                    - 49
                    - 0
                    - 41
                    - 98
                    - 36
                    - 8
                    - 42
                    - 100
                    - 13
                    - 64
                    - 0
                    - 31
                    - 49
                    - 0
                    - 41
                    - 49
                    - 0
                    - 41
                    - 98
                    - 36
                    - 8
                    - 102
                    - 36
                    - 40
                    - 100
                    - 13
                    - 64
                    - 0
                    - 8
                    - 40
                    - 40
                    - 100
                    - 36
                    - 9
                    - 103
                    - 34
                    - 67
                    - 40
                    - 35
                    - 103
                    - 66
                    - 255
                    - 248
                    - 39
                    - 4
                    - 49
                    - 0
                    - 103
                    - 42
                    - 49
                    - 0
                    - 41
                    - 98
                    - 36
                    - 8
                    - 103
                    - 66
                    - 255
                    - 209
                    - 49
                    - 0
                    - 43
                    - 100
                    - 18
                    - 67
                    - 49
                    - 0
                    - 43
                    - 100
                    - 18
                    - 67
                    - 34
                    - 67
                    - 49
                    - 0
                    - 49
                    - 24
                    - 97
                    - 68
                    - 49
                    - 0
                    - 41
                    - 35
                    - 102
                    - 34
                    - 67
                    - 54
                    - 26
                    - 0
                    - 23
                    - 37
                    - 15
                    - 68
                    - 43
                    - 49
                    - 0
                    - 103
                    - 40
                    - 54
                    - 26
                    - 0
                    - 23
                    - 103
                    - 42
                    - 35
                    - 103
                    - 34
                    - 67
            apgs:
                nbs: 2
                nui: 2
            apls:
                nui: 1
            apsu:
                type: Buffer
                data:
                    - 6
                    - 129
                    - 1
                    - 67
            fee: 1000
            fv: 193114
            gen: sandnet-v1
            gh:
                type: Buffer
                data:
                    - 2
                    - 218
                    - 53
                    - 167
                    - 247
                    - 242
                    - 48
                    - 144
                    - 160
                    - 101
                    - 100
                    - 158
                    - 146
                    - 237
                    - 93
                    - 231
                    - 39
                    - 4
                    - 101
                    - 19
                    - 95
                    - 231
                    - 114
                    - 159
                    - 79
                    - 25
                    - 177
                    - 72
                    - 255
                    - 85
                    - 66
                    - 165
            lv: 194114
            snd:
                type: Buffer
                data:
                    - 239
                    - 38
                    - 174
                    - 244
                    - 4
                    - 255
                    - 168
                    - 139
                    - 22
                    - 197
                    - 212
                    - 163
                    - 57
                    - 162
                    - 212
                    - 7
                    - 70
                    - 120
                    - 9
                    - 171
                    - 28
                    - 174
                    - 53
                    - 182
                    - 199
                    - 151
                    - 104
                    - 193
                    - 196
                    - 149
                    - 101
                    - 117
            type: appl
