"Funding Contract: IXHGSRVWJB2TJTVXDKZP3BZX6DSUA7YTQUTXDX7BBLU5WF5WWUT3B7LYNQ\nLsig: htlc.py":
    confirmed-round: 186742
    pool-error: ""
    sender-rewards: 1004674186
    txn:
        sig:
            type: Buffer
            data:
                - 205
                - 15
                - 20
                - 64
                - 222
                - 67
                - 255
                - 186
                - 23
                - 164
                - 90
                - 95
                - 28
                - 75
                - 196
                - 118
                - 182
                - 240
                - 217
                - 8
                - 3
                - 198
                - 80
                - 56
                - 111
                - 58
                - 23
                - 61
                - 1
                - 40
                - 57
                - 75
                - 62
                - 148
                - 210
                - 52
                - 70
                - 26
                - 32
                - 217
                - 112
                - 36
                - 103
                - 114
                - 99
                - 199
                - 86
                - 113
                - 81
                - 144
                - 7
                - 62
                - 81
                - 107
                - 198
                - 181
                - 152
                - 110
                - 221
                - 50
                - 148
                - 68
                - 73
                - 5
        txn:
            amt: 10000000
            fee: 245000
            fv: 186740
            gen: sandnet-v1
            gh:
                type: Buffer
                data:
                    - 2
                    - 218
                    - 53
                    - 167
                    - 247
                    - 242
                    - 48
                    - 144
                    - 160
                    - 101
                    - 100
                    - 158
                    - 146
                    - 237
                    - 93
                    - 231
                    - 39
                    - 4
                    - 101
                    - 19
                    - 95
                    - 231
                    - 114
                    - 159
                    - 79
                    - 25
                    - 177
                    - 72
                    - 255
                    - 85
                    - 66
                    - 165
            lv: 187740
            rcv:
                type: Buffer
                data:
                    - 69
                    - 206
                    - 105
                    - 70
                    - 182
                    - 72
                    - 117
                    - 52
                    - 206
                    - 183
                    - 26
                    - 178
                    - 253
                    - 135
                    - 55
                    - 240
                    - 229
                    - 64
                    - 127
                    - 19
                    - 133
                    - 39
                    - 113
                    - 223
                    - 225
                    - 10
                    - 233
                    - 219
                    - 23
                    - 182
                    - 181
                    - 39
            snd:
                type: Buffer
                data:
                    - 239
                    - 38
                    - 174
                    - 244
                    - 4
                    - 255
                    - 168
                    - 139
                    - 22
                    - 197
                    - 212
                    - 163
                    - 57
                    - 162
                    - 212
                    - 7
                    - 70
                    - 120
                    - 9
                    - 171
                    - 28
                    - 174
                    - 53
                    - 182
                    - 199
                    - 151
                    - 104
                    - 193
                    - 196
                    - 149
                    - 101
                    - 117
            type: pay
